  Group.cpp
C:\Users\timbe\source\repos\MechEngine\MechEngine\src\MechEngine\Renderer\Mesh.h(25,14): warning C4267: 'return': conversion from 'size_t' to 'int', possible loss of data
C:\Users\timbe\source\repos\MechEngine\MechEngine\src\MechEngine\Renderer\Mesh.h(26,21): warning C4267: 'return': conversion from 'size_t' to 'int', possible loss of data
C:\Users\timbe\source\repos\MechEngine\MechEngine\src\MechEngine\Renderer\Material.h(26,1): warning C4267: 'argument': conversion from 'size_t' to 'const int', possible loss of data
C:\Users\timbe\source\repos\MechEngine\Sandbox\src\Group.cpp(23,28): warning C4267: 'return': conversion from 'size_t' to 'int', possible loss of data
  SandboxApp.cpp
C:\Users\timbe\source\repos\MechEngine\MechEngine\src\MechEngine\Renderer\Mesh.h(25,14): warning C4267: 'return': conversion from 'size_t' to 'int', possible loss of data
C:\Users\timbe\source\repos\MechEngine\MechEngine\src\MechEngine\Renderer\Mesh.h(26,21): warning C4267: 'return': conversion from 'size_t' to 'int', possible loss of data
C:\Users\timbe\source\repos\MechEngine\MechEngine\src\MechEngine\Renderer\Material.h(26,1): warning C4267: 'argument': conversion from 'size_t' to 'const int', possible loss of data
C:\Users\timbe\source\repos\MechEngine\Sandbox\src\ScreenList.h(34,1): warning C4267: 'return': conversion from 'size_t' to 'int', possible loss of data
C:\Users\timbe\source\repos\MechEngine\Sandbox\src\UIUtil.h(13,14): warning C4244: '=': conversion from 'T' to 'int', possible loss of data
          with
          [
              T=float
          ]
C:\Users\timbe\source\repos\MechEngine\Sandbox\src\UIUtil.h(14,14): warning C4244: '=': conversion from 'T' to 'int', possible loss of data
          with
          [
              T=float
          ]
C:\Users\timbe\source\repos\MechEngine\Sandbox\src\UIUtil.h(39,16): warning C4244: '=': conversion from 'int' to 'T', possible loss of data
          with
          [
              T=float
          ]
C:\Users\timbe\source\repos\MechEngine\Sandbox\src\UIUtil.h(40,16): warning C4244: '=': conversion from 'int' to 'T', possible loss of data
          with
          [
              T=float
          ]
C:\Users\timbe\source\repos\MechEngine\Sandbox\src\UIUtil.h(53,14): warning C4244: '=': conversion from 'T' to 'int', possible loss of data
          with
          [
              T=float
          ]
C:\Users\timbe\source\repos\MechEngine\Sandbox\src\UIUtil.h(54,14): warning C4244: '=': conversion from 'T' to 'int', possible loss of data
          with
          [
              T=float
          ]
C:\Users\timbe\source\repos\MechEngine\Sandbox\src\UIUtil.h(55,14): warning C4244: '=': conversion from 'T' to 'int', possible loss of data
          with
          [
              T=float
          ]
C:\Users\timbe\source\repos\MechEngine\Sandbox\src\UIUtil.h(93,16): warning C4244: '=': conversion from 'int' to 'T', possible loss of data
          with
          [
              T=float
          ]
C:\Users\timbe\source\repos\MechEngine\Sandbox\src\UIUtil.h(94,16): warning C4244: '=': conversion from 'int' to 'T', possible loss of data
          with
          [
              T=float
          ]
C:\Users\timbe\source\repos\MechEngine\Sandbox\src\UIUtil.h(95,16): warning C4244: '=': conversion from 'int' to 'T', possible loss of data
          with
          [
              T=float
          ]
C:\Users\timbe\source\repos\MechEngine\Sandbox\src\SandboxApp.cpp(96,80): warning C4244: 'argument': conversion from 'T' to 'uint32_t', possible loss of data
          with
          [
              T=float
          ]
C:\Users\timbe\source\repos\MechEngine\Sandbox\src\SandboxApp.cpp(96,62): warning C4244: 'argument': conversion from 'T' to 'uint32_t', possible loss of data
          with
          [
              T=float
          ]
C:\Users\timbe\source\repos\MechEngine\Sandbox\src\SandboxApp.cpp(104,1): warning C4312: 'type cast': conversion from 'uint32_t' to 'void *' of greater size
C:\Users\timbe\source\repos\MechEngine\Sandbox\src\SandboxApp.cpp(198,1): warning C4267: 'argument': conversion from 'size_t' to 'int', possible loss of data
C:\Users\timbe\source\repos\MechEngine\Sandbox\src\SandboxApp.cpp(120,4): warning C4996: 'strcpy': This function or variable may be unsafe. Consider using strcpy_s instead. To disable deprecation, use _CRT_SECURE_NO_WARNINGS. See online help for details.
C:\Users\timbe\source\repos\MechEngine\Sandbox\src\SandboxApp.cpp(121,4): warning C4996: 'strcpy': This function or variable may be unsafe. Consider using strcpy_s instead. To disable deprecation, use _CRT_SECURE_NO_WARNINGS. See online help for details.
C:\Users\timbe\source\repos\MechEngine\Sandbox\src\SandboxApp.cpp(69,8): warning C4101: 'height': unreferenced local variable
C:\Users\timbe\source\repos\MechEngine\Sandbox\src\SandboxApp.cpp(267,42): warning C4244: '=': conversion from 'unsigned int' to 'T', possible loss of data
          with
          [
              T=float
          ]
C:\Users\timbe\source\repos\MechEngine\Sandbox\src\SandboxApp.cpp(268,43): warning C4244: '=': conversion from 'unsigned int' to 'T', possible loss of data
          with
          [
              T=float
          ]
C:\Users\timbe\source\repos\MechEngine\Sandbox\src\SandboxApp.cpp(274,45): warning C4244: '=': conversion from 'unsigned int' to 'T', possible loss of data
          with
          [
              T=float
          ]
C:\Users\timbe\source\repos\MechEngine\Sandbox\src\SandboxApp.cpp(275,45): warning C4244: '=': conversion from 'unsigned int' to 'T', possible loss of data
          with
          [
              T=float
          ]
C:\Users\timbe\source\repos\MechEngine\Sandbox\src\SandboxApp.cpp(387,46): warning C4244: 'argument': conversion from 'float' to 'int', possible loss of data
  ScreenMesh.cpp
C:\Users\timbe\source\repos\MechEngine\MechEngine\src\MechEngine\Renderer\Mesh.h(25,14): warning C4267: 'return': conversion from 'size_t' to 'int', possible loss of data
C:\Users\timbe\source\repos\MechEngine\MechEngine\src\MechEngine\Renderer\Mesh.h(26,21): warning C4267: 'return': conversion from 'size_t' to 'int', possible loss of data
C:\Users\timbe\source\repos\MechEngine\MechEngine\src\MechEngine\Renderer\Material.h(26,1): warning C4267: 'argument': conversion from 'size_t' to 'const int', possible loss of data
  Generating Code...
LINK : warning LNK4098: defaultlib 'LIBCMTD' conflicts with use of other libs; use /NODEFAULTLIB:library
IMGUI.lib(imgui.obj) : warning LNK4099: PDB 'IMGUI.pdb' was not found with 'IMGUI.lib(imgui.obj)' or at 'C:\Users\timbe\source\repos\MechEngine\bin\Debug-windows-x86_64\Sandbox\IMGUI.pdb'; linking object as if no debug info
IMGUI.lib(imgui_draw.obj) : warning LNK4099: PDB 'IMGUI.pdb' was not found with 'IMGUI.lib(imgui_draw.obj)' or at 'C:\Users\timbe\source\repos\MechEngine\bin\Debug-windows-x86_64\Sandbox\IMGUI.pdb'; linking object as if no debug info
IMGUI.lib(imgui_tables.obj) : warning LNK4099: PDB 'IMGUI.pdb' was not found with 'IMGUI.lib(imgui_tables.obj)' or at 'C:\Users\timbe\source\repos\MechEngine\bin\Debug-windows-x86_64\Sandbox\IMGUI.pdb'; linking object as if no debug info
IMGUI.lib(imgui_widgets.obj) : warning LNK4099: PDB 'IMGUI.pdb' was not found with 'IMGUI.lib(imgui_widgets.obj)' or at 'C:\Users\timbe\source\repos\MechEngine\bin\Debug-windows-x86_64\Sandbox\IMGUI.pdb'; linking object as if no debug info
  Sandbox.vcxproj -> C:\Users\timbe\source\repos\MechEngine\Sandbox\..\bin\Debug-windows-x86_64\Sandbox\Sandbox.exe
