c:\users\timbe\source\repos\mechengine\bin-int\debug-windows-x86_64\mechengine\mechengine.pch
c:\users\timbe\source\repos\mechengine\bin-int\debug-windows-x86_64\mechengine\mechengine.pdb
c:\users\timbe\source\repos\mechengine\bin-int\debug-windows-x86_64\mechengine\mepch.obj
c:\users\timbe\source\repos\mechengine\bin-int\debug-windows-x86_64\mechengine\renderer2d.obj
c:\users\timbe\source\repos\mechengine\bin-int\debug-windows-x86_64\mechengine\renderer.obj
c:\users\timbe\source\repos\mechengine\bin-int\debug-windows-x86_64\mechengine\rendercommand.obj
c:\users\timbe\source\repos\mechengine\bin-int\debug-windows-x86_64\mechengine\orthographiccamera.obj
c:\users\timbe\source\repos\mechengine\bin-int\debug-windows-x86_64\mechengine\framebuffer.obj
c:\users\timbe\source\repos\mechengine\bin-int\debug-windows-x86_64\mechengine\buffer.obj
c:\users\timbe\source\repos\mechengine\bin-int\debug-windows-x86_64\mechengine\windowswindow.obj
c:\users\timbe\source\repos\mechengine\bin-int\debug-windows-x86_64\mechengine\windowsinput.obj
c:\users\timbe\source\repos\mechengine\bin-int\debug-windows-x86_64\mechengine\openglvertexarray.obj
c:\users\timbe\source\repos\mechengine\bin-int\debug-windows-x86_64\mechengine\opengltexture.obj
c:\users\timbe\source\repos\mechengine\bin-int\debug-windows-x86_64\mechengine\openglrendererapi.obj
c:\users\timbe\source\repos\mechengine\bin-int\debug-windows-x86_64\mechengine\openglframebuffer.obj
c:\users\timbe\source\repos\mechengine\bin-int\debug-windows-x86_64\mechengine\openglcontext.obj
c:\users\timbe\source\repos\mechengine\bin-int\debug-windows-x86_64\mechengine\openglbuffer.obj
c:\users\timbe\source\repos\mechengine\bin-int\debug-windows-x86_64\mechengine\log.obj
c:\users\timbe\source\repos\mechengine\bin-int\debug-windows-x86_64\mechengine\layerstack.obj
c:\users\timbe\source\repos\mechengine\bin-int\debug-windows-x86_64\mechengine\layer.obj
c:\users\timbe\source\repos\mechengine\bin-int\debug-windows-x86_64\mechengine\application.obj
c:\users\timbe\source\repos\mechengine\bin-int\debug-windows-x86_64\mechengine\openglshader.obj
c:\users\timbe\source\repos\mechengine\bin-int\debug-windows-x86_64\mechengine\orthographiccameracontroller.obj
c:\users\timbe\source\repos\mechengine\bin-int\debug-windows-x86_64\mechengine\stb_image.obj
c:\users\timbe\source\repos\mechengine\bin-int\debug-windows-x86_64\mechengine\imguilayer.obj
c:\users\timbe\source\repos\mechengine\bin-int\debug-windows-x86_64\mechengine\imguibuild.obj
c:\users\timbe\source\repos\mechengine\bin-int\debug-windows-x86_64\mechengine\vertexarray.obj
c:\users\timbe\source\repos\mechengine\bin-int\debug-windows-x86_64\mechengine\texture.obj
c:\users\timbe\source\repos\mechengine\bin-int\debug-windows-x86_64\mechengine\shader.obj
c:\users\timbe\source\repos\mechengine\bin-int\debug-windows-x86_64\mechengine\rendererapi.obj
c:\users\timbe\source\repos\mechengine\bin-int\debug-windows-x86_64\mechengine\perspectivecamera.obj
c:\users\timbe\source\repos\mechengine\bin-int\debug-windows-x86_64\mechengine\perspectivecameracontroller.obj
c:\users\timbe\source\repos\mechengine\bin-int\debug-windows-x86_64\mechengine\transform.obj
c:\users\timbe\source\repos\mechengine\bin-int\debug-windows-x86_64\mechengine\mesh.obj
c:\users\timbe\source\repos\mechengine\bin\debug-windows-x86_64\mechengine\mechengine.lib
c:\users\timbe\source\repos\mechengine\mechengine\..\bin\debug-windows-x86_64\mechengine\mechengine.lib
c:\users\timbe\source\repos\mechengine\bin-int\debug-windows-x86_64\mechengine\mechengine.tlog\cl.command.1.tlog
c:\users\timbe\source\repos\mechengine\bin-int\debug-windows-x86_64\mechengine\mechengine.tlog\cl.read.1.tlog
c:\users\timbe\source\repos\mechengine\bin-int\debug-windows-x86_64\mechengine\mechengine.tlog\cl.write.1.tlog
c:\users\timbe\source\repos\mechengine\bin-int\debug-windows-x86_64\mechengine\mechengine.tlog\lib-link.read.1.tlog
c:\users\timbe\source\repos\mechengine\bin-int\debug-windows-x86_64\mechengine\mechengine.tlog\lib-link.write.1.tlog
c:\users\timbe\source\repos\mechengine\bin-int\debug-windows-x86_64\mechengine\mechengine.tlog\lib.command.1.tlog
